{"timestamp":"2026-04-06T00:06:51.624Z","level":"error","message":"Failed to initialize payroll worker","service":"novapay-transaction-backend","error":"Cannot find module '../config/redis'\nRequire stack:\n- C:\\Users\\dell\\Desktop\\NovaPay transaction backend\\services\\payroll-service\\controller\\payrollController.js\n- C:\\Users\\dell\\Desktop\\NovaPay transaction backend\\services\\payroll-service\\index.js\n- C:\\Users\\dell\\Desktop\\NovaPay transaction backend\\index.js","attempt":1}
{"timestamp":"2026-04-06T00:06:51.629Z","level":"error","message":"Failed to connect to Redis","service":"novapay-transaction-backend","error":"Connection is closed."}
{"timestamp":"2026-04-06T00:06:54.638Z","level":"error","message":"Failed to initialize payroll worker","service":"novapay-transaction-backend","error":"Cannot find module '../config/redis'\nRequire stack:\n- C:\\Users\\dell\\Desktop\\NovaPay transaction backend\\services\\payroll-service\\controller\\payrollController.js\n- C:\\Users\\dell\\Desktop\\NovaPay transaction backend\\services\\payroll-service\\index.js\n- C:\\Users\\dell\\Desktop\\NovaPay transaction backend\\index.js","attempt":2}
{"timestamp":"2026-04-06T00:06:57.648Z","level":"error","message":"Failed to initialize payroll worker","service":"novapay-transaction-backend","error":"Cannot find module '../config/redis'\nRequire stack:\n- C:\\Users\\dell\\Desktop\\NovaPay transaction backend\\services\\payroll-service\\controller\\payrollController.js\n- C:\\Users\\dell\\Desktop\\NovaPay transaction backend\\services\\payroll-service\\index.js\n- C:\\Users\\dell\\Desktop\\NovaPay transaction backend\\index.js","attempt":3}
{"timestamp":"2026-04-06T00:07:00.666Z","level":"error","message":"Failed to initialize payroll worker","service":"novapay-transaction-backend","error":"Cannot find module '../config/redis'\nRequire stack:\n- C:\\Users\\dell\\Desktop\\NovaPay transaction backend\\services\\payroll-service\\controller\\payrollController.js\n- C:\\Users\\dell\\Desktop\\NovaPay transaction backend\\services\\payroll-service\\index.js\n- C:\\Users\\dell\\Desktop\\NovaPay transaction backend\\index.js","attempt":4}
{"timestamp":"2026-04-06T00:07:03.681Z","level":"error","message":"Failed to initialize payroll worker","service":"novapay-transaction-backend","error":"Cannot find module '../config/redis'\nRequire stack:\n- C:\\Users\\dell\\Desktop\\NovaPay transaction backend\\services\\payroll-service\\controller\\payrollController.js\n- C:\\Users\\dell\\Desktop\\NovaPay transaction backend\\services\\payroll-service\\index.js\n- C:\\Users\\dell\\Desktop\\NovaPay transaction backend\\index.js","attempt":5}
{"timestamp":"2026-04-06T00:07:42.998Z","level":"error","message":"Failed to connect to Redis","service":"novapay-transaction-backend","error":"Connection is closed."}
{"timestamp":"2026-04-06T00:08:07.257Z","level":"error","message":"Failed to connect to Redis","service":"novapay-transaction-backend","error":"Connection is closed."}
{"timestamp":"2026-04-06T00:08:07.366Z","level":"error","message":"Failed to initialize payroll worker","service":"novapay-transaction-backend","error":"Cannot find module '../config/redis'\nRequire stack:\n- C:\\Users\\dell\\Desktop\\NovaPay transaction backend\\services\\payroll-service\\controller\\payrollController.js\n- C:\\Users\\dell\\Desktop\\NovaPay transaction backend\\services\\payroll-service\\index.js\n- C:\\Users\\dell\\Desktop\\NovaPay transaction backend\\index.js","attempt":1}
{"timestamp":"2026-04-06T00:08:10.374Z","level":"error","message":"Failed to initialize payroll worker","service":"novapay-transaction-backend","error":"Cannot find module '../config/redis'\nRequire stack:\n- C:\\Users\\dell\\Desktop\\NovaPay transaction backend\\services\\payroll-service\\controller\\payrollController.js\n- C:\\Users\\dell\\Desktop\\NovaPay transaction backend\\services\\payroll-service\\index.js\n- C:\\Users\\dell\\Desktop\\NovaPay transaction backend\\index.js","attempt":2}
{"timestamp":"2026-04-06T00:08:13.384Z","level":"error","message":"Failed to initialize payroll worker","service":"novapay-transaction-backend","error":"Cannot find module '../config/redis'\nRequire stack:\n- C:\\Users\\dell\\Desktop\\NovaPay transaction backend\\services\\payroll-service\\controller\\payrollController.js\n- C:\\Users\\dell\\Desktop\\NovaPay transaction backend\\services\\payroll-service\\index.js\n- C:\\Users\\dell\\Desktop\\NovaPay transaction backend\\index.js","attempt":3}
{"timestamp":"2026-04-06T00:08:18.481Z","level":"error","message":"Failed to connect to Redis","service":"novapay-transaction-backend","error":"Connection is closed."}
{"timestamp":"2026-04-06T00:08:37.676Z","level":"error","message":"Failed to connect to Redis","service":"novapay-transaction-backend","error":"Connection is closed."}
{"timestamp":"2026-04-06T00:08:52.012Z","level":"error","message":"Failed to connect to Redis","service":"novapay-transaction-backend","error":"Connection is closed."}
{"timestamp":"2026-04-06T00:10:08.830Z","level":"error","message":"Error during shutdown","service":"novapay-transaction-backend","error":"mongoose is not defined"}
{"timestamp":"2026-04-06T00:10:16.376Z","level":"error","message":"Failed to connect to Redis","service":"novapay-transaction-backend","error":"Connection is closed."}
{"timestamp":"2026-04-06T00:10:38.884Z","level":"error","message":"Error during shutdown","service":"novapay-transaction-backend","error":"mongoose is not defined"}
{"timestamp":"2026-04-06T00:16:20.456Z","level":"error","message":"Max initialization attempts reached for payroll worker","service":"novapay-transaction-backend"}
{"timestamp":"2026-04-06T00:18:30.741Z","level":"error","message":"Max initialization attempts reached for payroll worker","service":"novapay-transaction-backend"}
{"timestamp":"2026-04-06T00:21:36.939Z","level":"error","message":"Payroll worker initialization failed - Redis not available. Payroll features will be disabled.","service":"novapay-transaction-backend"}
{"timestamp":"2026-04-06T00:22:09.287Z","level":"error","message":"Uncaught Exception","service":"novapay-transaction-backend","error":"listen EADDRINUSE: address already in use :::8080","stack":"Error: listen EADDRINUSE: address already in use :::8080\n    at Server.setupListenHandle [as _listen2] (node:net:1940:16)\n    at listenInCluster (node:net:1997:12)\n    at Server.listen (node:net:2102:7)\n    at startServer (C:\\Users\\dell\\Desktop\\NovaPay transaction backend\\index.js:116:12)\n    at process.processTicksAndRejections (node:internal/process/task_queues:103:5)"}
{"timestamp":"2026-04-06T00:36:56.349Z","level":"error","message":"Payroll worker initialization failed - Redis not available. Payroll features will be disabled.","service":"novapay-transaction-backend"}
{"timestamp":"2026-04-06T00:37:42.733Z","level":"error","message":"Payroll worker initialization failed - Redis not available. Payroll features will be disabled.","service":"novapay-transaction-backend"}
{"timestamp":"2026-04-06T01:13:33.849Z","level":"error","message":"Encryption failed","service":"novapay-transaction-backend","error":"Cannot read properties of undefined (reading 'generateDataKey')"}
{"timestamp":"2026-04-06T01:18:18.250Z","level":"error","message":"Error during shutdown","service":"novapay-transaction-backend","error":"mongoose is not defined"}
